{"/home/prncss/Projects/scopes/src/deps.ts": {"path":"/home/prncss/Projects/scopes/src/deps.ts","statementMap":{"0":{"start":{"line":5,"column":2},"end":{"line":5,"column":null}},"1":{"start":{"line":14,"column":20},"end":{"line":14,"column":22}},"2":{"start":{"line":15,"column":11},"end":{"line":15,"column":32}},"3":{"start":{"line":17,"column":2},"end":{"line":17,"column":null}},"4":{"start":{"line":17,"column":21},"end":{"line":17,"column":null}},"5":{"start":{"line":18,"column":2},"end":{"line":18,"column":null}},"6":{"start":{"line":19,"column":2},"end":{"line":19,"column":null}},"7":{"start":{"line":21,"column":1},"end":{"line":21,"column":null}}},"fnMap":{},"branchMap":{"0":{"loc":{"start":{"line":17,"column":2},"end":{"line":17,"column":null}},"type":"if","locations":[{"start":{"line":17,"column":2},"end":{"line":17,"column":null}},{"start":{},"end":{}}],"line":17}},"s":{"0":2,"1":1,"2":1,"3":2,"4":0,"5":2,"6":2,"7":1},"f":{},"b":{"0":[0,2]},"meta":{"lastBranch":1,"lastFunction":0,"lastStatement":8,"seen":{"s:5:2:5:Infinity":0,"s:14:20:14:22":1,"s:15:11:15:32":2,"b:17:2:17:Infinity:undefined:undefined:undefined:undefined":0,"s:17:2:17:Infinity":3,"s:17:21:17:Infinity":4,"s:18:2:18:Infinity":5,"s:19:2:19:Infinity":6,"s:21:1:21:Infinity":7}}}
,"/home/prncss/Projects/scopes/src/functions/flow.ts": {"path":"/home/prncss/Projects/scopes/src/functions/flow.ts","statementMap":{"0":{"start":{"line":303,"column":3},"end":{"line":303,"column":null}},"1":{"start":{"line":305,"column":3},"end":{"line":305,"column":null}},"2":{"start":{"line":307,"column":3},"end":{"line":307,"column":null}},"3":{"start":{"line":309,"column":3},"end":{"line":309,"column":null}},"4":{"start":{"line":311,"column":3},"end":{"line":311,"column":null}},"5":{"start":{"line":313,"column":3},"end":{"line":313,"column":null}},"6":{"start":{"line":315,"column":3},"end":{"line":315,"column":null}},"7":{"start":{"line":317,"column":3},"end":{"line":317,"column":null}},"8":{"start":{"line":319,"column":3},"end":{"line":319,"column":null}},"9":{"start":{"line":321,"column":13},"end":{"line":321,"column":null}},"10":{"start":{"line":322,"column":16},"end":{"line":322,"column":19}},"11":{"start":{"line":323,"column":4},"end":{"line":323,"column":null}},"12":{"start":{"line":325,"column":3},"end":{"line":325,"column":null}}},"fnMap":{},"branchMap":{},"s":{"0":0,"1":0,"2":1,"3":0,"4":0,"5":0,"6":0,"7":0,"8":0,"9":0,"10":0,"11":0,"12":0},"f":{},"b":{},"meta":{"lastBranch":0,"lastFunction":0,"lastStatement":13,"seen":{"s:303:3:303:Infinity":0,"s:305:3:305:Infinity":1,"s:307:3:307:Infinity":2,"s:309:3:309:Infinity":3,"s:311:3:311:Infinity":4,"s:313:3:313:Infinity":5,"s:315:3:315:Infinity":6,"s:317:3:317:Infinity":7,"s:319:3:319:Infinity":8,"s:321:13:321:Infinity":9,"s:322:16:322:19":10,"s:323:4:323:Infinity":11,"s:325:3:325:Infinity":12}}}
}
